This file contains any messages produced by compilers while
running configure, to aid debugging if configure makes a mistake.

It was created by HTK configure 3.3, which was
generated by GNU Autoconf 2.59.  Invocation command line was

  $ ./configure 

## --------- ##
## Platform. ##
## --------- ##

hostname = ceec051695
uname -m = i686
uname -r = 1.5.16(0.128/4/2)
uname -s = CYGWIN_NT-5.1
uname -v = 2005-04-25 20:26

/usr/bin/uname -p = unknown
/bin/uname -X     = unknown

/bin/arch              = unknown
/usr/bin/arch -k       = unknown
/usr/convex/getsysinfo = unknown
hostinfo               = unknown
/bin/machine           = unknown
/usr/bin/oslevel       = unknown
/bin/universe          = unknown

PATH: /usr/local/bin
PATH: /usr/bin
PATH: /bin
PATH: /usr/X11R6/bin
PATH: /cygdrive/c/gnuplot/bin/
PATH: /cygdrive/c/Python/
PATH: /cygdrive/c/Perl/bin/
PATH: /cygdrive/c/WINDOWS/system32
PATH: /cygdrive/c/WINDOWS
PATH: /cygdrive/c/WINDOWS/System32/Wbem
PATH: /cygdrive/c/Program Files/ATI Technologies/ATI Control Panel
PATH: /cygdrive/c/matlab6p5p1/bin/win32
PATH: /cygdrive/c/Program Files/TortoiseCVS


## ----------- ##
## Core tests. ##
## ----------- ##

configure:1324: checking for gawk
configure:1340: found /usr/bin/gawk
configure:1350: result: gawk
configure:1406: checking for gcc
configure:1422: found /usr/bin/gcc
configure:1432: result: gcc
configure:1676: checking for C compiler version
configure:1679: gcc --version </dev/null >&5
gcc (GCC) 3.3.3 (cygwin special)
Copyright (C) 2003 Free Software Foundation, Inc.
This is free software; see the source for copying conditions.  There is NO
warranty; not even for MERCHANTABILITY or FITNESS FOR A PARTICULAR PURPOSE.

configure:1682: $? = 0
configure:1684: gcc -v </dev/null >&5
Reading specs from /usr/lib/gcc-lib/i686-pc-cygwin/3.3.3/specs
Configured with: /gcc/gcc-3.3.3-3/configure --verbose --prefix=/usr --exec-prefix=/usr --sysconfdir=/etc --libdir=/usr/lib --libexecdir=/usr/lib --mandir=/usr/share/man --infodir=/usr/share/info --enable-languages=c,ada,c++,d,f77,java,objc,pascal --enable-nls --without-included-gettext --enable-libgcj --with-system-zlib --enable-interpreter --enable-threads=posix --enable-java-gc=boehm --enable-sjlj-exceptions --disable-version-specific-runtime-libs --disable-win32-registry
Thread model: posix
gcc version 3.3.3 (cygwin special)
configure:1687: $? = 0
configure:1689: gcc -V </dev/null >&5
gcc: `-V' option must have argument
configure:1692: $? = 1
configure:1715: checking for C compiler default output file name
configure:1718: gcc    conftest.c  >&5
configure:1721: $? = 0
configure:1767: result: a.exe
configure:1772: checking whether the C compiler works
configure:1778: ./a.exe
configure:1781: $? = 0
configure:1798: result: yes
configure:1805: checking whether we are cross compiling
configure:1807: result: no
configure:1810: checking for suffix of executables
configure:1812: gcc -o conftest.exe    conftest.c  >&5
configure:1815: $? = 0
configure:1840: result: .exe
configure:1846: checking for suffix of object files
configure:1867: gcc -c   conftest.c >&5
configure:1870: $? = 0
configure:1892: result: o
configure:1896: checking whether we are using the GNU C compiler
configure:1920: gcc -c   conftest.c >&5
configure:1926: $? = 0
configure:1930: test -z 
			 || test ! -s conftest.err
configure:1933: $? = 0
configure:1936: test -s conftest.o
configure:1939: $? = 0
configure:1952: result: yes
configure:1958: checking whether gcc accepts -g
configure:1979: gcc -c -g  conftest.c >&5
configure:1985: $? = 0
configure:1989: test -z 
			 || test ! -s conftest.err
configure:1992: $? = 0
configure:1995: test -s conftest.o
configure:1998: $? = 0
configure:2009: result: yes
configure:2026: checking for gcc option to accept ANSI C
configure:2096: gcc  -c -g -O2  conftest.c >&5
configure:2102: $? = 0
configure:2106: test -z 
			 || test ! -s conftest.err
configure:2109: $? = 0
configure:2112: test -s conftest.o
configure:2115: $? = 0
configure:2133: result: none needed
configure:2151: gcc -c -g -O2  conftest.c >&5
conftest.c:2: error: parse error before "me"
configure:2157: $? = 1
configure: failed program was:
| #ifndef __cplusplus
|   choke me
| #endif
configure:2328: checking for a BSD-compatible install
configure:2383: result: /usr/bin/install -c
configure:2394: checking whether ln -s works
configure:2398: result: yes
configure:2446: checking for ranlib
configure:2462: found /usr/bin/ranlib
configure:2473: result: ranlib
configure:2488: checking for main in -lX11
configure:2512: gcc -o conftest.exe -g -O2   conftest.c -lX11   >&5
/usr/lib/gcc-lib/i686-pc-cygwin/3.3.3/../../../../i686-pc-cygwin/bin/ld: cannot find -lX11
collect2: ld returned 1 exit status
configure:2518: $? = 1
configure: failed program was:
| /* confdefs.h.  */
| 
| #define PACKAGE_NAME "HTK"
| #define PACKAGE_TARNAME "htk"
| #define PACKAGE_VERSION "3.3"
| #define PACKAGE_STRING "HTK 3.3"
| #define PACKAGE_BUGREPORT "htk-mgr@eng.cam.ac.uk"
| /* end confdefs.h.  */
| 
| 
| int
| main ()
| {
| main ();
|   ;
|   return 0;
| }
configure:2544: result: no
configure:2556: checking for main in -lm
configure:2580: gcc -o conftest.exe -g -O2   conftest.c -lm   >&5
configure:2586: $? = 0
configure:2590: test -z 
			 || test ! -s conftest.err
configure:2593: $? = 0
configure:2596: test -s conftest.exe
configure:2599: $? = 0
configure:2612: result: yes
configure:2631: checking how to run the C preprocessor
configure:2666: gcc -E  conftest.c
configure:2672: $? = 0
configure:2704: gcc -E  conftest.c
conftest.c:10:28: ac_nonexistent.h: No such file or directory
configure:2710: $? = 1
configure: failed program was:
| /* confdefs.h.  */
| 
| #define PACKAGE_NAME "HTK"
| #define PACKAGE_TARNAME "htk"
| #define PACKAGE_VERSION "3.3"
| #define PACKAGE_STRING "HTK 3.3"
| #define PACKAGE_BUGREPORT "htk-mgr@eng.cam.ac.uk"
| #define HAVE_LIBM 1
| /* end confdefs.h.  */
| #include <ac_nonexistent.h>
configure:2749: result: gcc -E
configure:2773: gcc -E  conftest.c
configure:2779: $? = 0
configure:2811: gcc -E  conftest.c
conftest.c:10:28: ac_nonexistent.h: No such file or directory
configure:2817: $? = 1
configure: failed program was:
| /* confdefs.h.  */
| 
| #define PACKAGE_NAME "HTK"
| #define PACKAGE_TARNAME "htk"
| #define PACKAGE_VERSION "3.3"
| #define PACKAGE_STRING "HTK 3.3"
| #define PACKAGE_BUGREPORT "htk-mgr@eng.cam.ac.uk"
| #define HAVE_LIBM 1
| /* end confdefs.h.  */
| #include <ac_nonexistent.h>
configure:2861: checking for X
configure:2966: gcc -E  conftest.c
conftest.c:10:27: X11/Intrinsic.h: No such file or directory
configure:2972: $? = 1
configure: failed program was:
| /* confdefs.h.  */
| 
| #define PACKAGE_NAME "HTK"
| #define PACKAGE_TARNAME "htk"
| #define PACKAGE_VERSION "3.3"
| #define PACKAGE_STRING "HTK 3.3"
| #define PACKAGE_BUGREPORT "htk-mgr@eng.cam.ac.uk"
| #define HAVE_LIBM 1
| /* end confdefs.h.  */
| #include <X11/Intrinsic.h>
configure:3022: gcc -o conftest.exe -g -O2   conftest.c -lXt -lm  >&5
conftest.c:10:27: X11/Intrinsic.h: No such file or directory
configure:3028: $? = 1
configure: failed program was:
| /* confdefs.h.  */
| 
| #define PACKAGE_NAME "HTK"
| #define PACKAGE_TARNAME "htk"
| #define PACKAGE_VERSION "3.3"
| #define PACKAGE_STRING "HTK 3.3"
| #define PACKAGE_BUGREPORT "htk-mgr@eng.cam.ac.uk"
| #define HAVE_LIBM 1
| /* end confdefs.h.  */
| #include <X11/Intrinsic.h>
| int
| main ()
| {
| XtMalloc (0)
|   ;
|   return 0;
| }
configure:3081: result: no
configure:3095: checking for egrep
configure:3105: result: grep -E
configure:3110: checking for ANSI C header files
configure:3135: gcc -c -g -O2  conftest.c >&5
configure:3141: $? = 0
configure:3145: test -z 
			 || test ! -s conftest.err
configure:3148: $? = 0
configure:3151: test -s conftest.o
configure:3154: $? = 0
configure:3240: gcc -o conftest.exe -g -O2   conftest.c -lm  >&5
configure:3243: $? = 0
configure:3245: ./conftest.exe
configure:3248: $? = 0
configure:3263: result: yes
configure:3287: checking for sys/types.h
configure:3303: gcc -c -g -O2  conftest.c >&5
configure:3309: $? = 0
configure:3313: test -z 
			 || test ! -s conftest.err
configure:3316: $? = 0
configure:3319: test -s conftest.o
configure:3322: $? = 0
configure:3333: result: yes
configure:3287: checking for sys/stat.h
configure:3303: gcc -c -g -O2  conftest.c >&5
configure:3309: $? = 0
configure:3313: test -z 
			 || test ! -s conftest.err
configure:3316: $? = 0
configure:3319: test -s conftest.o
configure:3322: $? = 0
configure:3333: result: yes
configure:3287: checking for stdlib.h
configure:3303: gcc -c -g -O2  conftest.c >&5
configure:3309: $? = 0
configure:3313: test -z 
			 || test ! -s conftest.err
configure:3316: $? = 0
configure:3319: test -s conftest.o
configure:3322: $? = 0
configure:3333: result: yes
configure:3287: checking for string.h
configure:3303: gcc -c -g -O2  conftest.c >&5
configure:3309: $? = 0
configure:3313: test -z 
			 || test ! -s conftest.err
configure:3316: $? = 0
configure:3319: test -s conftest.o
configure:3322: $? = 0
configure:3333: result: yes
configure:3287: checking for memory.h
configure:3303: gcc -c -g -O2  conftest.c >&5
configure:3309: $? = 0
configure:3313: test -z 
			 || test ! -s conftest.err
configure:3316: $? = 0
configure:3319: test -s conftest.o
configure:3322: $? = 0
configure:3333: result: yes
configure:3287: checking for strings.h
configure:3303: gcc -c -g -O2  conftest.c >&5
configure:3309: $? = 0
configure:3313: test -z 
			 || test ! -s conftest.err
configure:3316: $? = 0
configure:3319: test -s conftest.o
configure:3322: $? = 0
configure:3333: result: yes
configure:3287: checking for inttypes.h
configure:3303: gcc -c -g -O2  conftest.c >&5
configure:3309: $? = 0
configure:3313: test -z 
			 || test ! -s conftest.err
configure:3316: $? = 0
configure:3319: test -s conftest.o
configure:3322: $? = 0
configure:3333: result: yes
configure:3287: checking for stdint.h
configure:3303: gcc -c -g -O2  conftest.c >&5
configure:3309: $? = 0
configure:3313: test -z 
			 || test ! -s conftest.err
configure:3316: $? = 0
configure:3319: test -s conftest.o
configure:3322: $? = 0
configure:3333: result: yes
configure:3287: checking for unistd.h
configure:3303: gcc -c -g -O2  conftest.c >&5
configure:3309: $? = 0
configure:3313: test -z 
			 || test ! -s conftest.err
configure:3316: $? = 0
configure:3319: test -s conftest.o
configure:3322: $? = 0
configure:3333: result: yes
configure:3370: checking errno.h usability
configure:3382: gcc -c -g -O2  conftest.c >&5
configure:3388: $? = 0
configure:3392: test -z 
			 || test ! -s conftest.err
configure:3395: $? = 0
configure:3398: test -s conftest.o
configure:3401: $? = 0
configure:3411: result: yes
configure:3415: checking errno.h presence
configure:3425: gcc -E  conftest.c
configure:3431: $? = 0
configure:3451: result: yes
configure:3486: checking for errno.h
configure:3493: result: yes
configure:3370: checking fcntl.h usability
configure:3382: gcc -c -g -O2  conftest.c >&5
configure:3388: $? = 0
configure:3392: test -z 
			 || test ! -s conftest.err
configure:3395: $? = 0
configure:3398: test -s conftest.o
configure:3401: $? = 0
configure:3411: result: yes
configure:3415: checking fcntl.h presence
configure:3425: gcc -E  conftest.c
configure:3431: $? = 0
configure:3451: result: yes
configure:3486: checking for fcntl.h
configure:3493: result: yes
configure:3370: checking float.h usability
configure:3382: gcc -c -g -O2  conftest.c >&5
configure:3388: $? = 0
configure:3392: test -z 
			 || test ! -s conftest.err
configure:3395: $? = 0
configure:3398: test -s conftest.o
configure:3401: $? = 0
configure:3411: result: yes
configure:3415: checking float.h presence
configure:3425: gcc -E  conftest.c
configure:3431: $? = 0
configure:3451: result: yes
configure:3486: checking for float.h
configure:3493: result: yes
configure:3370: checking limits.h usability
configure:3382: gcc -c -g -O2  conftest.c >&5
configure:3388: $? = 0
configure:3392: test -z 
			 || test ! -s conftest.err
configure:3395: $? = 0
configure:3398: test -s conftest.o
configure:3401: $? = 0
configure:3411: result: yes
configure:3415: checking limits.h presence
configure:3425: gcc -E  conftest.c
configure:3431: $? = 0
configure:3451: result: yes
configure:3486: checking for limits.h
configure:3493: result: yes
configure:3370: checking malloc.h usability
configure:3382: gcc -c -g -O2  conftest.c >&5
configure:3388: $? = 0
configure:3392: test -z 
			 || test ! -s conftest.err
configure:3395: $? = 0
configure:3398: test -s conftest.o
configure:3401: $? = 0
configure:3411: result: yes
configure:3415: checking malloc.h presence
configure:3425: gcc -E  conftest.c
configure:3431: $? = 0
configure:3451: result: yes
configure:3486: checking for malloc.h
configure:3493: result: yes
configure:3361: checking for memory.h
configure:3366: result: yes
configure:3361: checking for stdlib.h
configure:3366: result: yes
configure:3361: checking for string.h
configure:3366: result: yes
configure:3370: checking sys/ioctl.h usability
configure:3382: gcc -c -g -O2  conftest.c >&5
configure:3388: $? = 0
configure:3392: test -z 
			 || test ! -s conftest.err
configure:3395: $? = 0
configure:3398: test -s conftest.o
configure:3401: $? = 0
configure:3411: result: yes
configure:3415: checking sys/ioctl.h presence
configure:3425: gcc -E  conftest.c
configure:3431: $? = 0
configure:3451: result: yes
configure:3486: checking for sys/ioctl.h
configure:3493: result: yes
configure:3370: checking sys/socket.h usability
configure:3382: gcc -c -g -O2  conftest.c >&5
configure:3388: $? = 0
configure:3392: test -z 
			 || test ! -s conftest.err
configure:3395: $? = 0
configure:3398: test -s conftest.o
configure:3401: $? = 0
configure:3411: result: yes
configure:3415: checking sys/socket.h presence
configure:3425: gcc -E  conftest.c
configure:3431: $? = 0
configure:3451: result: yes
configure:3486: checking for sys/socket.h
configure:3493: result: yes
configure:3370: checking sys/time.h usability
configure:3382: gcc -c -g -O2  conftest.c >&5
configure:3388: $? = 0
configure:3392: test -z 
			 || test ! -s conftest.err
configure:3395: $? = 0
configure:3398: test -s conftest.o
configure:3401: $? = 0
configure:3411: result: yes
configure:3415: checking sys/time.h presence
configure:3425: gcc -E  conftest.c
configure:3431: $? = 0
configure:3451: result: yes
configure:3486: checking for sys/time.h
configure:3493: result: yes
configure:3361: checking for unistd.h
configure:3366: result: yes
configure:3507: checking for an ANSI C-conforming const
configure:3574: gcc -c -g -O2  conftest.c >&5
configure:3580: $? = 0
configure:3584: test -z 
			 || test ! -s conftest.err
configure:3587: $? = 0
configure:3590: test -s conftest.o
configure:3593: $? = 0
configure:3604: result: yes
configure:3614: checking for size_t
configure:3638: gcc -c -g -O2  conftest.c >&5
configure:3644: $? = 0
configure:3648: test -z 
			 || test ! -s conftest.err
configure:3651: $? = 0
configure:3654: test -s conftest.o
configure:3657: $? = 0
configure:3668: result: yes
configure:3680: checking whether time.h and sys/time.h may both be included
configure:3705: gcc -c -g -O2  conftest.c >&5
configure:3711: $? = 0
configure:3715: test -z 
			 || test ! -s conftest.err
configure:3718: $? = 0
configure:3721: test -s conftest.o
configure:3724: $? = 0
configure:3735: result: yes
configure:3745: checking whether struct tm is in sys/time.h or time.h
configure:3768: gcc -c -g -O2  conftest.c >&5
configure:3774: $? = 0
configure:3778: test -z 
			 || test ! -s conftest.err
configure:3781: $? = 0
configure:3784: test -s conftest.o
configure:3787: $? = 0
configure:3798: result: time.h
configure:3810: checking whether gcc needs -traditional
conftest.c:33:19: sgtty.h: No such file or directory
configure:3852: result: no
configure:3859: checking for working memcmp
configure:3907: gcc -o conftest.exe -g -O2   conftest.c -lm  >&5
configure:3910: $? = 0
configure:3912: ./conftest.exe
configure:3915: $? = 0
configure:3929: result: yes
configure:3945: checking for stdlib.h
configure:3950: result: yes
configure:4090: checking for GNU libc compatible malloc
configure:4119: gcc -o conftest.exe -g -O2   conftest.c -lm  >&5
configure:4122: $? = 0
configure:4124: ./conftest.exe
configure:4127: $? = 0
configure:4141: result: yes
configure:4171: checking for working strtod
configure:4214: gcc -o conftest.exe -g -O2   conftest.c -lm  >&5
configure:4217: $? = 0
configure:4219: ./conftest.exe
configure:4222: $? = 0
configure:4236: result: yes
configure:4414: checking return type of signal handlers
configure:4445: gcc -c -g -O2  conftest.c >&5
configure:4451: $? = 0
configure:4455: test -z 
			 || test ! -s conftest.err
configure:4458: $? = 0
configure:4461: test -s conftest.o
configure:4464: $? = 0
configure:4475: result: void
configure:4487: checking for vprintf
configure:4544: gcc -o conftest.exe -g -O2   conftest.c -lm  >&5
conftest.c:60: warning: conflicting types for built-in function `vprintf'
configure:4550: $? = 0
configure:4554: test -z 
			 || test ! -s conftest.err
configure:4557: $? = 0
configure:4560: test -s conftest.exe
configure:4563: $? = 0
configure:4575: result: yes
configure:4582: checking for _doprnt
configure:4639: gcc -o conftest.exe -g -O2   conftest.c -lm  >&5
/cygdrive/c/DOCUME~1/vkepuska/LOCALS~1/Temp/ccqdfNIj.o(.text+0x1d): In function `main':
/cygdrive/c/HTK/htk-3.3/conftest.c:77: undefined reference to `__doprnt'
/cygdrive/c/DOCUME~1/vkepuska/LOCALS~1/Temp/ccqdfNIj.o(.data+0x0):/cygdrive/c/HTK/htk-3.3/conftest.c:76: undefined reference to `__doprnt'
collect2: ld returned 1 exit status
configure:4645: $? = 1
configure: failed program was:
| /* confdefs.h.  */
| 
| #define PACKAGE_NAME "HTK"
| #define PACKAGE_TARNAME "htk"
| #define PACKAGE_VERSION "3.3"
| #define PACKAGE_STRING "HTK 3.3"
| #define PACKAGE_BUGREPORT "htk-mgr@eng.cam.ac.uk"
| #define HAVE_LIBM 1
| #define STDC_HEADERS 1
| #define HAVE_SYS_TYPES_H 1
| #define HAVE_SYS_STAT_H 1
| #define HAVE_STDLIB_H 1
| #define HAVE_STRING_H 1
| #define HAVE_MEMORY_H 1
| #define HAVE_STRINGS_H 1
| #define HAVE_INTTYPES_H 1
| #define HAVE_STDINT_H 1
| #define HAVE_UNISTD_H 1
| #define HAVE_ERRNO_H 1
| #define HAVE_FCNTL_H 1
| #define HAVE_FLOAT_H 1
| #define HAVE_LIMITS_H 1
| #define HAVE_MALLOC_H 1
| #define HAVE_MEMORY_H 1
| #define HAVE_STDLIB_H 1
| #define HAVE_STRING_H 1
| #define HAVE_SYS_IOCTL_H 1
| #define HAVE_SYS_SOCKET_H 1
| #define HAVE_SYS_TIME_H 1
| #define HAVE_UNISTD_H 1
| #define TIME_WITH_SYS_TIME 1
| #define HAVE_STDLIB_H 1
| #define HAVE_MALLOC 1
| #define RETSIGTYPE void
| #define HAVE_VPRINTF 1
| /* end confdefs.h.  */
| /* Define _doprnt to an innocuous variant, in case <limits.h> declares _doprnt.
|    For example, HP-UX 11i <limits.h> declares gettimeofday.  */
| #define _doprnt innocuous__doprnt
| 
| /* System header to define __stub macros and hopefully few prototypes,
|     which can conflict with char _doprnt (); below.
|     Prefer <limits.h> to <assert.h> if __STDC__ is defined, since
|     <limits.h> exists even on freestanding compilers.  */
| 
| #ifdef __STDC__
| # include <limits.h>
| #else
| # include <assert.h>
| #endif
| 
| #undef _doprnt
| 
| /* Override any gcc2 internal prototype to avoid an error.  */
| #ifdef __cplusplus
| extern "C"
| {
| #endif
| /* We use char because int might match the return type of a gcc2
|    builtin and then its argument prototype would still apply.  */
| char _doprnt ();
| /* The GNU C library defines this for functions which it implements
|     to always fail with ENOSYS.  Some functions are actually named
|     something starting with __ and the normal name is an alias.  */
| #if defined (__stub__doprnt) || defined (__stub____doprnt)
| choke me
| #else
| char (*f) () = _doprnt;
| #endif
| #ifdef __cplusplus
| }
| #endif
| 
| int
| main ()
| {
| return f != _doprnt;
|   ;
|   return 0;
| }
configure:4670: result: no
configure:4701: checking for floor
configure:4758: gcc -o conftest.exe -g -O2   conftest.c -lm  >&5
configure:4764: $? = 0
configure:4768: test -z 
			 || test ! -s conftest.err
configure:4771: $? = 0
configure:4774: test -s conftest.exe
configure:4777: $? = 0
configure:4789: result: yes
configure:4701: checking for gettimeofday
configure:4758: gcc -o conftest.exe -g -O2   conftest.c -lm  >&5
configure:4764: $? = 0
configure:4768: test -z 
			 || test ! -s conftest.err
configure:4771: $? = 0
configure:4774: test -s conftest.exe
configure:4777: $? = 0
configure:4789: result: yes
configure:4701: checking for memmove
configure:4758: gcc -o conftest.exe -g -O2   conftest.c -lm  >&5
configure:4764: $? = 0
configure:4768: test -z 
			 || test ! -s conftest.err
configure:4771: $? = 0
configure:4774: test -s conftest.exe
configure:4777: $? = 0
configure:4789: result: yes
configure:4701: checking for memset
configure:4758: gcc -o conftest.exe -g -O2   conftest.c -lm  >&5
conftest.c:64: warning: conflicting types for built-in function `memset'
configure:4764: $? = 0
configure:4768: test -z 
			 || test ! -s conftest.err
configure:4771: $? = 0
configure:4774: test -s conftest.exe
configure:4777: $? = 0
configure:4789: result: yes
configure:4701: checking for modf
configure:4758: gcc -o conftest.exe -g -O2   conftest.c -lm  >&5
configure:4764: $? = 0
configure:4768: test -z 
			 || test ! -s conftest.err
configure:4771: $? = 0
configure:4774: test -s conftest.exe
configure:4777: $? = 0
configure:4789: result: yes
configure:4701: checking for pow
configure:4758: gcc -o conftest.exe -g -O2   conftest.c -lm  >&5
configure:4764: $? = 0
configure:4768: test -z 
			 || test ! -s conftest.err
configure:4771: $? = 0
configure:4774: test -s conftest.exe
configure:4777: $? = 0
configure:4789: result: yes
configure:4701: checking for socket
configure:4758: gcc -o conftest.exe -g -O2   conftest.c -lm  >&5
configure:4764: $? = 0
configure:4768: test -z 
			 || test ! -s conftest.err
configure:4771: $? = 0
configure:4774: test -s conftest.exe
configure:4777: $? = 0
configure:4789: result: yes
configure:4701: checking for sqrt
configure:4758: gcc -o conftest.exe -g -O2   conftest.c -lm  >&5
conftest.c:68: warning: conflicting types for built-in function `sqrt'
configure:4764: $? = 0
configure:4768: test -z 
			 || test ! -s conftest.err
configure:4771: $? = 0
configure:4774: test -s conftest.exe
configure:4777: $? = 0
configure:4789: result: yes
configure:4701: checking for strchr
configure:4758: gcc -o conftest.exe -g -O2   conftest.c -lm  >&5
conftest.c:69: warning: conflicting types for built-in function `strchr'
configure:4764: $? = 0
configure:4768: test -z 
			 || test ! -s conftest.err
configure:4771: $? = 0
configure:4774: test -s conftest.exe
configure:4777: $? = 0
configure:4789: result: yes
configure:4701: checking for strcspn
configure:4758: gcc -o conftest.exe -g -O2   conftest.c -lm  >&5
conftest.c:70: warning: conflicting types for built-in function `strcspn'
configure:4764: $? = 0
configure:4768: test -z 
			 || test ! -s conftest.err
configure:4771: $? = 0
configure:4774: test -s conftest.exe
configure:4777: $? = 0
configure:4789: result: yes
configure:4701: checking for strrchr
configure:4758: gcc -o conftest.exe -g -O2   conftest.c -lm  >&5
conftest.c:71: warning: conflicting types for built-in function `strrchr'
configure:4764: $? = 0
configure:4768: test -z 
			 || test ! -s conftest.err
configure:4771: $? = 0
configure:4774: test -s conftest.exe
configure:4777: $? = 0
configure:4789: result: yes
configure:4701: checking for strspn
configure:4758: gcc -o conftest.exe -g -O2   conftest.c -lm  >&5
conftest.c:72: warning: conflicting types for built-in function `strspn'
configure:4764: $? = 0
configure:4768: test -z 
			 || test ! -s conftest.err
configure:4771: $? = 0
configure:4774: test -s conftest.exe
configure:4777: $? = 0
configure:4789: result: yes
configure:4701: checking for strstr
configure:4758: gcc -o conftest.exe -g -O2   conftest.c -lm  >&5
conftest.c:73: warning: conflicting types for built-in function `strstr'
configure:4764: $? = 0
configure:4768: test -z 
			 || test ! -s conftest.err
configure:4771: $? = 0
configure:4774: test -s conftest.exe
configure:4777: $? = 0
configure:4789: result: yes
configure:4701: checking for strtol
configure:4758: gcc -o conftest.exe -g -O2   conftest.c -lm  >&5
configure:4764: $? = 0
configure:4768: test -z 
			 || test ! -s conftest.err
configure:4771: $? = 0
configure:4774: test -s conftest.exe
configure:4777: $? = 0
configure:4789: result: yes
configure:4806: checking build system type
configure:4824: result: i686-pc-cygwin
configure:4832: checking host system type
configure:4846: result: i686-pc-cygwin
configure:5043: creating ./config.status

## ---------------------- ##
## Running config.status. ##
## ---------------------- ##

This file was extended by HTK config.status 3.3, which was
generated by GNU Autoconf 2.59.  Invocation command line was

  CONFIG_FILES    = 
  CONFIG_HEADERS  = 
  CONFIG_LINKS    = 
  CONFIG_COMMANDS = 
  $ ./config.status 

on ceec051695

config.status:659: creating HTKLib/Makefile
config.status:659: creating HTKTools/Makefile
config.status:659: creating HLMLib/Makefile
config.status:659: creating HLMTools/Makefile
config.status:659: creating Makefile

## ---------------- ##
## Cache variables. ##
## ---------------- ##

ac_cv_build=i686-pc-cygwin
ac_cv_build_alias=i686-pc-cygwin
ac_cv_c_compiler_gnu=yes
ac_cv_c_const=yes
ac_cv_env_CC_set=
ac_cv_env_CC_value=
ac_cv_env_CFLAGS_set=
ac_cv_env_CFLAGS_value=
ac_cv_env_CPPFLAGS_set=
ac_cv_env_CPPFLAGS_value=
ac_cv_env_CPP_set=
ac_cv_env_CPP_value=
ac_cv_env_LDFLAGS_set=
ac_cv_env_LDFLAGS_value=
ac_cv_env_build_alias_set=
ac_cv_env_build_alias_value=
ac_cv_env_host_alias_set=
ac_cv_env_host_alias_value=
ac_cv_env_target_alias_set=
ac_cv_env_target_alias_value=
ac_cv_exeext=.exe
ac_cv_func__doprnt=no
ac_cv_func_floor=yes
ac_cv_func_gettimeofday=yes
ac_cv_func_malloc_0_nonnull=yes
ac_cv_func_memcmp_working=yes
ac_cv_func_memmove=yes
ac_cv_func_memset=yes
ac_cv_func_modf=yes
ac_cv_func_pow=yes
ac_cv_func_socket=yes
ac_cv_func_sqrt=yes
ac_cv_func_strchr=yes
ac_cv_func_strcspn=yes
ac_cv_func_strrchr=yes
ac_cv_func_strspn=yes
ac_cv_func_strstr=yes
ac_cv_func_strtod=yes
ac_cv_func_strtol=yes
ac_cv_func_vprintf=yes
ac_cv_have_x=have_x=no
ac_cv_header_errno_h=yes
ac_cv_header_fcntl_h=yes
ac_cv_header_float_h=yes
ac_cv_header_inttypes_h=yes
ac_cv_header_limits_h=yes
ac_cv_header_malloc_h=yes
ac_cv_header_memory_h=yes
ac_cv_header_stdc=yes
ac_cv_header_stdint_h=yes
ac_cv_header_stdlib_h=yes
ac_cv_header_string_h=yes
ac_cv_header_strings_h=yes
ac_cv_header_sys_ioctl_h=yes
ac_cv_header_sys_socket_h=yes
ac_cv_header_sys_stat_h=yes
ac_cv_header_sys_time_h=yes
ac_cv_header_sys_types_h=yes
ac_cv_header_time=yes
ac_cv_header_unistd_h=yes
ac_cv_host=i686-pc-cygwin
ac_cv_host_alias=i686-pc-cygwin
ac_cv_lib_X11_main=no
ac_cv_lib_m_main=yes
ac_cv_objext=o
ac_cv_path_install='/usr/bin/install -c'
ac_cv_prog_AWK=gawk
ac_cv_prog_CPP='gcc -E'
ac_cv_prog_ac_ct_CC=gcc
ac_cv_prog_ac_ct_RANLIB=ranlib
ac_cv_prog_cc_g=yes
ac_cv_prog_cc_stdc=
ac_cv_prog_egrep='grep -E'
ac_cv_prog_gcc_traditional=no
ac_cv_struct_tm=time.h
ac_cv_type_signal=void
ac_cv_type_size_t=yes

## ----------------- ##
## Output variables. ##
## ----------------- ##

AWK='gawk'
CC='gcc'
CFLAGS='-Wall -Wno-switch -g -O2'
CPP='gcc -E'
CPPFLAGS=''
DEFS='-DPACKAGE_NAME=\"HTK\" -DPACKAGE_TARNAME=\"htk\" -DPACKAGE_VERSION=\"3.3\" -DPACKAGE_STRING=\"HTK\ 3.3\" -DPACKAGE_BUGREPORT=\"htk-mgr@eng.cam.ac.uk\" -DHAVE_LIBM=1 -DSTDC_HEADERS=1 -DHAVE_SYS_TYPES_H=1 -DHAVE_SYS_STAT_H=1 -DHAVE_STDLIB_H=1 -DHAVE_STRING_H=1 -DHAVE_MEMORY_H=1 -DHAVE_STRINGS_H=1 -DHAVE_INTTYPES_H=1 -DHAVE_STDINT_H=1 -DHAVE_UNISTD_H=1 -DHAVE_ERRNO_H=1 -DHAVE_FCNTL_H=1 -DHAVE_FLOAT_H=1 -DHAVE_LIMITS_H=1 -DHAVE_MALLOC_H=1 -DHAVE_MEMORY_H=1 -DHAVE_STDLIB_H=1 -DHAVE_STRING_H=1 -DHAVE_SYS_IOCTL_H=1 -DHAVE_SYS_SOCKET_H=1 -DHAVE_SYS_TIME_H=1 -DHAVE_UNISTD_H=1 -DTIME_WITH_SYS_TIME=1 -DHAVE_STDLIB_H=1 -DHAVE_MALLOC=1 -DRETSIGTYPE=void -DHAVE_VPRINTF=1 -DHAVE_FLOOR=1 -DHAVE_GETTIMEOFDAY=1 -DHAVE_MEMMOVE=1 -DHAVE_MEMSET=1 -DHAVE_MODF=1 -DHAVE_POW=1 -DHAVE_SOCKET=1 -DHAVE_SQRT=1 -DHAVE_STRCHR=1 -DHAVE_STRCSPN=1 -DHAVE_STRRCHR=1 -DHAVE_STRSPN=1 -DHAVE_STRSTR=1 -DHAVE_STRTOL=1 '
ECHO_C=''
ECHO_N='-n'
ECHO_T=''
EGREP='grep -E'
EXEEXT='.exe'
INSTALL_DATA='${INSTALL} -m 644'
INSTALL_PROGRAM='${INSTALL}'
INSTALL_SCRIPT='${INSTALL}'
LDFLAGS=''
LIBOBJS=''
LIBS='-lm '
LN_S='ln -s'
LTLIBOBJS=''
OBJEXT='o'
PACKAGE_BUGREPORT='htk-mgr@eng.cam.ac.uk'
PACKAGE_NAME='HTK'
PACKAGE_STRING='HTK 3.3'
PACKAGE_TARNAME='htk'
PACKAGE_VERSION='3.3'
PATH_SEPARATOR=':'
POW_LIB=''
RANLIB='ranlib'
SHELL='/bin/bash'
ac_ct_CC='gcc'
ac_ct_RANLIB='ranlib'
bindir='${exec_prefix}/bin.i686'
build='i686-pc-cygwin'
build_alias=''
build_cpu='i686'
build_os='cygwin'
build_vendor='pc'
datadir='${prefix}/share'
exec_prefix='${prefix}'
host='i686-pc-cygwin'
host_alias=''
host_cpu='i686'
host_os='cygwin'
host_vendor='pc'
includedir='${prefix}/include'
infodir='${prefix}/info'
libdir='${exec_prefix}/lib.i686'
libexecdir='${exec_prefix}/libexec'
localstatedir='${prefix}/var'
mandir='${prefix}/man'
oldincludedir='/usr/include'
prefix='/usr/local'
program_transform_name='s,x,x,'
sbindir='${exec_prefix}/sbin'
sharedstatedir='${prefix}/com'
sysconfdir='${prefix}/etc'
target_alias=''

## ----------- ##
## confdefs.h. ##
## ----------- ##

#define HAVE_ERRNO_H 1
#define HAVE_FCNTL_H 1
#define HAVE_FLOAT_H 1
#define HAVE_FLOOR 1
#define HAVE_GETTIMEOFDAY 1
#define HAVE_INTTYPES_H 1
#define HAVE_LIBM 1
#define HAVE_LIMITS_H 1
#define HAVE_MALLOC 1
#define HAVE_MALLOC_H 1
#define HAVE_MEMMOVE 1
#define HAVE_MEMORY_H 1
#define HAVE_MEMORY_H 1
#define HAVE_MEMSET 1
#define HAVE_MODF 1
#define HAVE_POW 1
#define HAVE_SOCKET 1
#define HAVE_SQRT 1
#define HAVE_STDINT_H 1
#define HAVE_STDLIB_H 1
#define HAVE_STDLIB_H 1
#define HAVE_STDLIB_H 1
#define HAVE_STRCHR 1
#define HAVE_STRCSPN 1
#define HAVE_STRINGS_H 1
#define HAVE_STRING_H 1
#define HAVE_STRING_H 1
#define HAVE_STRRCHR 1
#define HAVE_STRSPN 1
#define HAVE_STRSTR 1
#define HAVE_STRTOL 1
#define HAVE_SYS_IOCTL_H 1
#define HAVE_SYS_SOCKET_H 1
#define HAVE_SYS_STAT_H 1
#define HAVE_SYS_TIME_H 1
#define HAVE_SYS_TYPES_H 1
#define HAVE_UNISTD_H 1
#define HAVE_UNISTD_H 1
#define HAVE_VPRINTF 1
#define PACKAGE_BUGREPORT "htk-mgr@eng.cam.ac.uk"
#define PACKAGE_NAME "HTK"
#define PACKAGE_STRING "HTK 3.3"
#define PACKAGE_TARNAME "htk"
#define PACKAGE_VERSION "3.3"
#define RETSIGTYPE void
#define STDC_HEADERS 1
#define TIME_WITH_SYS_TIME 1

configure: exit 0
